
*** Running vivado
    with args -log Pipeline_top.vds -m64 -product Vivado -mode batch -messageDb vivado.pb -notrace -source Pipeline_top.tcl



****** Vivado v2022.1 (64-bit)
  **** SW Build 3526262 on Mon Apr 18 15:48:16 MDT 2022
  **** IP Build 3524634 on Mon Apr 18 20:55:01 MDT 2022
    ** Copyright 1986-2022 Xilinx, Inc. All Rights Reserved.

source Pipeline_top.tcl -notrace
Command: synth_design -top Pipeline_top -part xc7s6ftgb196-1
Starting synth_design
Attempting to get a license for feature 'Synthesis' and/or device 'xc7s6'
INFO: [Common 17-349] Got license for feature 'Synthesis' and/or device 'xc7s6'
INFO: [Synth 8-7079] Multithreading enabled for synth_design using a maximum of 2 processes.
INFO: [Synth 8-7078] Launching helper process for spawning children vivado processes
INFO: [Synth 8-7075] Helper process launched with PID 3388
CRITICAL WARNING: [Synth 8-9873] overwriting previous definition of module 'ALU_Decoder' [C:/Users/Sumit/Desktop/SSV_FPGA/research_on_RISC-V/research_on_RISC-V.srcs/sources_1/new/ALU_Decoder.v:49]
INFO: [Synth 8-9937] previous definition of design element 'ALU_Decoder' is here [C:/Users/Sumit/Desktop/SSV_FPGA/research_on_RISC-V/research_on_RISC-V.srcs/sources_1/new/ALU_Decoder.v:49]
CRITICAL WARNING: [Synth 8-9873] overwriting previous definition of module 'Main_Decoder' [C:/Users/Sumit/Desktop/SSV_FPGA/research_on_RISC-V/research_on_RISC-V.srcs/sources_1/new/Main_Decoder.v:25]
INFO: [Synth 8-9937] previous definition of design element 'Main_Decoder' is here [C:/Users/Sumit/Desktop/SSV_FPGA/research_on_RISC-V/research_on_RISC-V.srcs/sources_1/new/Main_Decoder.v:25]
CRITICAL WARNING: [Synth 8-9873] overwriting previous definition of module 'fetch_cycle' [C:/Users/Sumit/Desktop/SSV_FPGA/research_on_RISC-V/research_on_RISC-V.srcs/sources_1/new/Fetch_Cycle.v:71]
INFO: [Synth 8-9937] previous definition of design element 'fetch_cycle' is here [C:/Users/Sumit/Desktop/SSV_FPGA/research_on_RISC-V/research_on_RISC-V.srcs/sources_1/new/Fetch_Cycle.v:71]
CRITICAL WARNING: [Synth 8-9873] overwriting previous definition of module 'decode_cycle' [C:/Users/Sumit/Desktop/SSV_FPGA/research_on_RISC-V/research_on_RISC-V.srcs/sources_1/new/Decode_Cycle.v:118]
INFO: [Synth 8-9937] previous definition of design element 'decode_cycle' is here [C:/Users/Sumit/Desktop/SSV_FPGA/research_on_RISC-V/research_on_RISC-V.srcs/sources_1/new/Decode_Cycle.v:118]
CRITICAL WARNING: [Synth 8-9873] overwriting previous definition of module 'execute_cycle' [C:/Users/Sumit/Desktop/SSV_FPGA/research_on_RISC-V/research_on_RISC-V.srcs/sources_1/new/execute_Cycle.v:128]
INFO: [Synth 8-9937] previous definition of design element 'execute_cycle' is here [C:/Users/Sumit/Desktop/SSV_FPGA/research_on_RISC-V/research_on_RISC-V.srcs/sources_1/new/Execute_Cycle.v:128]
CRITICAL WARNING: [Synth 8-9873] overwriting previous definition of module 'memory_cycle' [C:/Users/Sumit/Desktop/SSV_FPGA/research_on_RISC-V/research_on_RISC-V.srcs/sources_1/new/Memory_Cycle.v:60]
INFO: [Synth 8-9937] previous definition of design element 'memory_cycle' is here [C:/Users/Sumit/Desktop/SSV_FPGA/research_on_RISC-V/research_on_RISC-V.srcs/sources_1/new/Memory_Cycle.v:60]
CRITICAL WARNING: [Synth 8-9873] overwriting previous definition of module 'writeback_cycle' [C:/Users/Sumit/Desktop/SSV_FPGA/research_on_RISC-V/research_on_RISC-V.srcs/sources_1/new/Writeback_Cycle.v:18]
INFO: [Synth 8-9937] previous definition of design element 'writeback_cycle' is here [C:/Users/Sumit/Desktop/SSV_FPGA/research_on_RISC-V/research_on_RISC-V.srcs/sources_1/new/Writeback_Cycle.v:18]
CRITICAL WARNING: [Synth 8-9873] overwriting previous definition of module 'PC_Module' [C:/Users/Sumit/Desktop/SSV_FPGA/research_on_RISC-V/research_on_RISC-V.srcs/sources_1/new/PC.v:16]
INFO: [Synth 8-9937] previous definition of design element 'PC_Module' is here [C:/Users/Sumit/Desktop/SSV_FPGA/research_on_RISC-V/research_on_RISC-V.srcs/sources_1/new/PC.v:16]
CRITICAL WARNING: [Synth 8-9873] overwriting previous definition of module 'PC_Adder' [C:/Users/Sumit/Desktop/SSV_FPGA/research_on_RISC-V/research_on_RISC-V.srcs/sources_1/new/PC_Adder.v:9]
INFO: [Synth 8-9937] previous definition of design element 'PC_Adder' is here [C:/Users/Sumit/Desktop/SSV_FPGA/research_on_RISC-V/research_on_RISC-V.srcs/sources_1/new/PC_Adder.v:9]
CRITICAL WARNING: [Synth 8-9873] overwriting previous definition of module 'Mux' [C:/Users/Sumit/Desktop/SSV_FPGA/research_on_RISC-V/research_on_RISC-V.srcs/sources_1/new/Mux.v:10]
INFO: [Synth 8-9937] previous definition of design element 'Mux' is here [C:/Users/Sumit/Desktop/SSV_FPGA/research_on_RISC-V/research_on_RISC-V.srcs/sources_1/new/Mux.v:10]
CRITICAL WARNING: [Synth 8-9873] overwriting previous definition of module 'Mux_3_by_1' [C:/Users/Sumit/Desktop/SSV_FPGA/research_on_RISC-V/research_on_RISC-V.srcs/sources_1/new/Mux.v:19]
INFO: [Synth 8-9937] previous definition of design element 'Mux_3_by_1' is here [C:/Users/Sumit/Desktop/SSV_FPGA/research_on_RISC-V/research_on_RISC-V.srcs/sources_1/new/Mux.v:19]
CRITICAL WARNING: [Synth 8-9873] overwriting previous definition of module 'Instruction_Memory' [C:/Users/Sumit/Desktop/SSV_FPGA/research_on_RISC-V/research_on_RISC-V.srcs/sources_1/new/Instruction_Memory.v:28]
INFO: [Synth 8-9937] previous definition of design element 'Instruction_Memory' is here [C:/Users/Sumit/Desktop/SSV_FPGA/research_on_RISC-V/research_on_RISC-V.srcs/sources_1/new/Instruction_memory.v:28]
CRITICAL WARNING: [Synth 8-9873] overwriting previous definition of module 'ALU_Decoder' [C:/Users/Sumit/Desktop/SSV_FPGA/research_on_RISC-V/research_on_RISC-V.srcs/sources_1/new/ALU_Decoder.v:49]
INFO: [Synth 8-9937] previous definition of design element 'ALU_Decoder' is here [C:/Users/Sumit/Desktop/SSV_FPGA/research_on_RISC-V/research_on_RISC-V.srcs/sources_1/new/ALU_Decoder.v:49]
CRITICAL WARNING: [Synth 8-9873] overwriting previous definition of module 'Main_Decoder' [C:/Users/Sumit/Desktop/SSV_FPGA/research_on_RISC-V/research_on_RISC-V.srcs/sources_1/new/Main_Decoder.v:25]
INFO: [Synth 8-9937] previous definition of design element 'Main_Decoder' is here [C:/Users/Sumit/Desktop/SSV_FPGA/research_on_RISC-V/research_on_RISC-V.srcs/sources_1/new/Main_Decoder.v:25]
CRITICAL WARNING: [Synth 8-9873] overwriting previous definition of module 'Control_Unit_Top' [C:/Users/Sumit/Desktop/SSV_FPGA/research_on_RISC-V/research_on_RISC-V.srcs/sources_1/new/Control_Unit_Top.v:35]
INFO: [Synth 8-9937] previous definition of design element 'Control_Unit_Top' is here [C:/Users/Sumit/Desktop/SSV_FPGA/research_on_RISC-V/research_on_RISC-V.srcs/sources_1/new/Control_Unit_Top.v:35]
CRITICAL WARNING: [Synth 8-9873] overwriting previous definition of module 'Register_File' [C:/Users/Sumit/Desktop/SSV_FPGA/research_on_RISC-V/research_on_RISC-V.srcs/sources_1/new/Register_File.v:24]
INFO: [Synth 8-9937] previous definition of design element 'Register_File' is here [C:/Users/Sumit/Desktop/SSV_FPGA/research_on_RISC-V/research_on_RISC-V.srcs/sources_1/new/Register_File.v:24]
CRITICAL WARNING: [Synth 8-9873] overwriting previous definition of module 'Sign_Extend' [C:/Users/Sumit/Desktop/SSV_FPGA/research_on_RISC-V/research_on_RISC-V.srcs/sources_1/new/Sign_Extend.v:11]
INFO: [Synth 8-9937] previous definition of design element 'Sign_Extend' is here [C:/Users/Sumit/Desktop/SSV_FPGA/research_on_RISC-V/research_on_RISC-V.srcs/sources_1/new/Sign_Extend.v:11]
CRITICAL WARNING: [Synth 8-9873] overwriting previous definition of module 'ALU' [C:/Users/Sumit/Desktop/SSV_FPGA/research_on_RISC-V/research_on_RISC-V.srcs/sources_1/new/ALU.v:49]
INFO: [Synth 8-9937] previous definition of design element 'ALU' is here [C:/Users/Sumit/Desktop/SSV_FPGA/research_on_RISC-V/research_on_RISC-V.srcs/sources_1/new/ALU.v:49]
CRITICAL WARNING: [Synth 8-9873] overwriting previous definition of module 'Data_Memory' [C:/Users/Sumit/Desktop/SSV_FPGA/research_on_RISC-V/research_on_RISC-V.srcs/sources_1/new/Data_Memory.v:25]
INFO: [Synth 8-9937] previous definition of design element 'Data_Memory' is here [C:/Users/Sumit/Desktop/SSV_FPGA/research_on_RISC-V/research_on_RISC-V.srcs/sources_1/new/Data_memory.v:25]
CRITICAL WARNING: [Synth 8-9873] overwriting previous definition of module 'hazard_unit' [C:/Users/Sumit/Desktop/SSV_FPGA/research_on_RISC-V/research_on_RISC-V.srcs/sources_1/new/Hazard_unit.v:18]
INFO: [Synth 8-9937] previous definition of design element 'hazard_unit' is here [C:/Users/Sumit/Desktop/SSV_FPGA/research_on_RISC-V/research_on_RISC-V.srcs/sources_1/new/Hazard_Unit.v:18]
---------------------------------------------------------------------------------
Starting Synthesize : Time (s): cpu = 00:00:03 ; elapsed = 00:00:05 . Memory (MB): peak = 1263.949 ; gain = 0.000
---------------------------------------------------------------------------------
INFO: [Synth 8-6157] synthesizing module 'Pipeline_top' [C:/Users/Sumit/Desktop/SSV_FPGA/research_on_RISC-V/research_on_RISC-V.srcs/sources_1/new/Pipeline_newTop.v:62]
INFO: [Synth 8-6157] synthesizing module 'fetch_cycle' [C:/Users/Sumit/Desktop/SSV_FPGA/research_on_RISC-V/research_on_RISC-V.srcs/sources_1/new/Fetch_Cycle.v:2]
INFO: [Synth 8-6157] synthesizing module 'Mux' [C:/Users/Sumit/Desktop/SSV_FPGA/research_on_RISC-V/research_on_RISC-V.srcs/sources_1/new/Mux.v:2]
INFO: [Synth 8-6155] done synthesizing module 'Mux' (0#1) [C:/Users/Sumit/Desktop/SSV_FPGA/research_on_RISC-V/research_on_RISC-V.srcs/sources_1/new/Mux.v:2]
INFO: [Synth 8-6157] synthesizing module 'PC_Module' [C:/Users/Sumit/Desktop/SSV_FPGA/research_on_RISC-V/research_on_RISC-V.srcs/sources_1/new/PC.v:3]
INFO: [Synth 8-6155] done synthesizing module 'PC_Module' (0#1) [C:/Users/Sumit/Desktop/SSV_FPGA/research_on_RISC-V/research_on_RISC-V.srcs/sources_1/new/PC.v:3]
INFO: [Synth 8-6157] synthesizing module 'Instruction_Memory' [C:/Users/Sumit/Desktop/SSV_FPGA/research_on_RISC-V/research_on_RISC-V.srcs/sources_1/new/Instruction_Memory.v:2]
CRITICAL WARNING: [Synth 8-4445] could not open $readmem data file 'memfile.hex'; please make sure the file is added to project and has read permission, ignoring [C:/Users/Sumit/Desktop/SSV_FPGA/research_on_RISC-V/research_on_RISC-V.srcs/sources_1/new/Instruction_Memory.v:13]
INFO: [Synth 8-6155] done synthesizing module 'Instruction_Memory' (0#1) [C:/Users/Sumit/Desktop/SSV_FPGA/research_on_RISC-V/research_on_RISC-V.srcs/sources_1/new/Instruction_Memory.v:2]
INFO: [Synth 8-6157] synthesizing module 'PC_Adder' [C:/Users/Sumit/Desktop/SSV_FPGA/research_on_RISC-V/research_on_RISC-V.srcs/sources_1/new/PC_Adder.v:2]
INFO: [Synth 8-6155] done synthesizing module 'PC_Adder' (0#1) [C:/Users/Sumit/Desktop/SSV_FPGA/research_on_RISC-V/research_on_RISC-V.srcs/sources_1/new/PC_Adder.v:2]
INFO: [Synth 8-6155] done synthesizing module 'fetch_cycle' (0#1) [C:/Users/Sumit/Desktop/SSV_FPGA/research_on_RISC-V/research_on_RISC-V.srcs/sources_1/new/Fetch_Cycle.v:2]
INFO: [Synth 8-6157] synthesizing module 'decode_cycle' [C:/Users/Sumit/Desktop/SSV_FPGA/research_on_RISC-V/research_on_RISC-V.srcs/sources_1/new/Decode_Cycle.v:3]
INFO: [Synth 8-6157] synthesizing module 'Control_Unit_Top' [C:/Users/Sumit/Desktop/SSV_FPGA/research_on_RISC-V/research_on_RISC-V.srcs/sources_1/new/Control_Unit_Top.v:5]
INFO: [Synth 8-6157] synthesizing module 'Main_Decoder' [C:/Users/Sumit/Desktop/SSV_FPGA/research_on_RISC-V/research_on_RISC-V.srcs/sources_1/new/Main_Decoder.v:3]
INFO: [Synth 8-6155] done synthesizing module 'Main_Decoder' (0#1) [C:/Users/Sumit/Desktop/SSV_FPGA/research_on_RISC-V/research_on_RISC-V.srcs/sources_1/new/Main_Decoder.v:3]
INFO: [Synth 8-6157] synthesizing module 'ALU_Decoder' [C:/Users/Sumit/Desktop/SSV_FPGA/research_on_RISC-V/research_on_RISC-V.srcs/sources_1/new/ALU_Decoder.v:24]
INFO: [Synth 8-6155] done synthesizing module 'ALU_Decoder' (0#1) [C:/Users/Sumit/Desktop/SSV_FPGA/research_on_RISC-V/research_on_RISC-V.srcs/sources_1/new/ALU_Decoder.v:24]
INFO: [Synth 8-6155] done synthesizing module 'Control_Unit_Top' (0#1) [C:/Users/Sumit/Desktop/SSV_FPGA/research_on_RISC-V/research_on_RISC-V.srcs/sources_1/new/Control_Unit_Top.v:5]
INFO: [Synth 8-6157] synthesizing module 'Register_File' [C:/Users/Sumit/Desktop/SSV_FPGA/research_on_RISC-V/research_on_RISC-V.srcs/sources_1/new/Register_File.v:2]
INFO: [Synth 8-6155] done synthesizing module 'Register_File' (0#1) [C:/Users/Sumit/Desktop/SSV_FPGA/research_on_RISC-V/research_on_RISC-V.srcs/sources_1/new/Register_File.v:2]
INFO: [Synth 8-6157] synthesizing module 'Sign_Extend' [C:/Users/Sumit/Desktop/SSV_FPGA/research_on_RISC-V/research_on_RISC-V.srcs/sources_1/new/Sign_Extend.v:3]
INFO: [Synth 8-6155] done synthesizing module 'Sign_Extend' (0#1) [C:/Users/Sumit/Desktop/SSV_FPGA/research_on_RISC-V/research_on_RISC-V.srcs/sources_1/new/Sign_Extend.v:3]
INFO: [Synth 8-6155] done synthesizing module 'decode_cycle' (0#1) [C:/Users/Sumit/Desktop/SSV_FPGA/research_on_RISC-V/research_on_RISC-V.srcs/sources_1/new/Decode_Cycle.v:3]
INFO: [Synth 8-6157] synthesizing module 'execute_cycle' [C:/Users/Sumit/Desktop/SSV_FPGA/research_on_RISC-V/research_on_RISC-V.srcs/sources_1/new/execute_Cycle.v:24]
INFO: [Synth 8-6157] synthesizing module 'Mux_3_by_1' [C:/Users/Sumit/Desktop/SSV_FPGA/research_on_RISC-V/research_on_RISC-V.srcs/sources_1/new/Mux.v:12]
INFO: [Synth 8-6155] done synthesizing module 'Mux_3_by_1' (0#1) [C:/Users/Sumit/Desktop/SSV_FPGA/research_on_RISC-V/research_on_RISC-V.srcs/sources_1/new/Mux.v:12]
INFO: [Synth 8-6157] synthesizing module 'ALU' [C:/Users/Sumit/Desktop/SSV_FPGA/research_on_RISC-V/research_on_RISC-V.srcs/sources_1/new/ALU.v:24]
INFO: [Synth 8-6155] done synthesizing module 'ALU' (0#1) [C:/Users/Sumit/Desktop/SSV_FPGA/research_on_RISC-V/research_on_RISC-V.srcs/sources_1/new/ALU.v:24]
INFO: [Synth 8-6155] done synthesizing module 'execute_cycle' (0#1) [C:/Users/Sumit/Desktop/SSV_FPGA/research_on_RISC-V/research_on_RISC-V.srcs/sources_1/new/execute_Cycle.v:24]
INFO: [Synth 8-6157] synthesizing module 'memory_cycle' [C:/Users/Sumit/Desktop/SSV_FPGA/research_on_RISC-V/research_on_RISC-V.srcs/sources_1/new/Memory_Cycle.v:2]
INFO: [Synth 8-6157] synthesizing module 'Data_Memory' [C:/Users/Sumit/Desktop/SSV_FPGA/research_on_RISC-V/research_on_RISC-V.srcs/sources_1/new/Data_Memory.v:3]
INFO: [Synth 8-6155] done synthesizing module 'Data_Memory' (0#1) [C:/Users/Sumit/Desktop/SSV_FPGA/research_on_RISC-V/research_on_RISC-V.srcs/sources_1/new/Data_Memory.v:3]
INFO: [Synth 8-6155] done synthesizing module 'memory_cycle' (0#1) [C:/Users/Sumit/Desktop/SSV_FPGA/research_on_RISC-V/research_on_RISC-V.srcs/sources_1/new/Memory_Cycle.v:2]
INFO: [Synth 8-6157] synthesizing module 'writeback_cycle' [C:/Users/Sumit/Desktop/SSV_FPGA/research_on_RISC-V/research_on_RISC-V.srcs/sources_1/new/Writeback_Cycle.v:3]
INFO: [Synth 8-6155] done synthesizing module 'writeback_cycle' (0#1) [C:/Users/Sumit/Desktop/SSV_FPGA/research_on_RISC-V/research_on_RISC-V.srcs/sources_1/new/Writeback_Cycle.v:3]
INFO: [Synth 8-6157] synthesizing module 'hazard_unit' [C:/Users/Sumit/Desktop/SSV_FPGA/research_on_RISC-V/research_on_RISC-V.srcs/sources_1/new/Hazard_unit.v:3]
INFO: [Synth 8-6155] done synthesizing module 'hazard_unit' (0#1) [C:/Users/Sumit/Desktop/SSV_FPGA/research_on_RISC-V/research_on_RISC-V.srcs/sources_1/new/Hazard_unit.v:3]
INFO: [Synth 8-6155] done synthesizing module 'Pipeline_top' (0#1) [C:/Users/Sumit/Desktop/SSV_FPGA/research_on_RISC-V/research_on_RISC-V.srcs/sources_1/new/Pipeline_newTop.v:62]
WARNING: [Synth 8-4767] Trying to implement RAM ' ' in registers. Block RAM or DRAM implementation is not possible; see log for reasons.
	1: Unable to determine number of words or word size in RAM. 
	2: No valid read/write found for RAM. 
RAM dissolved into registers
WARNING: [Synth 8-3848] Net mem in module/entity Instruction_Memory does not have driver. [C:/Users/Sumit/Desktop/SSV_FPGA/research_on_RISC-V/research_on_RISC-V.srcs/sources_1/new/Instruction_Memory.v:8]
WARNING: [Synth 8-3848] Net mem in module/entity Instruction_Memory does not have driver. [C:/Users/Sumit/Desktop/SSV_FPGA/research_on_RISC-V/research_on_RISC-V.srcs/sources_1/new/Instruction_Memory.v:8]
WARNING: [Synth 8-3848] Net mem in module/entity Instruction_Memory does not have driver. [C:/Users/Sumit/Desktop/SSV_FPGA/research_on_RISC-V/research_on_RISC-V.srcs/sources_1/new/Instruction_Memory.v:8]
WARNING: [Synth 8-3848] Net mem in module/entity Instruction_Memory does not have driver. [C:/Users/Sumit/Desktop/SSV_FPGA/research_on_RISC-V/research_on_RISC-V.srcs/sources_1/new/Instruction_Memory.v:8]
WARNING: [Synth 8-3848] Net mem in module/entity Instruction_Memory does not have driver. [C:/Users/Sumit/Desktop/SSV_FPGA/research_on_RISC-V/research_on_RISC-V.srcs/sources_1/new/Instruction_Memory.v:8]
WARNING: [Synth 8-3848] Net mem in module/entity Instruction_Memory does not have driver. [C:/Users/Sumit/Desktop/SSV_FPGA/research_on_RISC-V/research_on_RISC-V.srcs/sources_1/new/Instruction_Memory.v:8]
WARNING: [Synth 8-3848] Net mem in module/entity Instruction_Memory does not have driver. [C:/Users/Sumit/Desktop/SSV_FPGA/research_on_RISC-V/research_on_RISC-V.srcs/sources_1/new/Instruction_Memory.v:8]
WARNING: [Synth 8-3848] Net mem in module/entity Instruction_Memory does not have driver. [C:/Users/Sumit/Desktop/SSV_FPGA/research_on_RISC-V/research_on_RISC-V.srcs/sources_1/new/Instruction_Memory.v:8]
WARNING: [Synth 8-3848] Net mem in module/entity Instruction_Memory does not have driver. [C:/Users/Sumit/Desktop/SSV_FPGA/research_on_RISC-V/research_on_RISC-V.srcs/sources_1/new/Instruction_Memory.v:8]
WARNING: [Synth 8-3848] Net mem in module/entity Instruction_Memory does not have driver. [C:/Users/Sumit/Desktop/SSV_FPGA/research_on_RISC-V/research_on_RISC-V.srcs/sources_1/new/Instruction_Memory.v:8]
WARNING: [Synth 8-3848] Net mem in module/entity Instruction_Memory does not have driver. [C:/Users/Sumit/Desktop/SSV_FPGA/research_on_RISC-V/research_on_RISC-V.srcs/sources_1/new/Instruction_Memory.v:8]
WARNING: [Synth 8-3848] Net mem in module/entity Instruction_Memory does not have driver. [C:/Users/Sumit/Desktop/SSV_FPGA/research_on_RISC-V/research_on_RISC-V.srcs/sources_1/new/Instruction_Memory.v:8]
WARNING: [Synth 8-3848] Net mem in module/entity Instruction_Memory does not have driver. [C:/Users/Sumit/Desktop/SSV_FPGA/research_on_RISC-V/research_on_RISC-V.srcs/sources_1/new/Instruction_Memory.v:8]
WARNING: [Synth 8-3848] Net mem in module/entity Instruction_Memory does not have driver. [C:/Users/Sumit/Desktop/SSV_FPGA/research_on_RISC-V/research_on_RISC-V.srcs/sources_1/new/Instruction_Memory.v:8]
WARNING: [Synth 8-3848] Net mem in module/entity Instruction_Memory does not have driver. [C:/Users/Sumit/Desktop/SSV_FPGA/research_on_RISC-V/research_on_RISC-V.srcs/sources_1/new/Instruction_Memory.v:8]
WARNING: [Synth 8-3848] Net mem in module/entity Instruction_Memory does not have driver. [C:/Users/Sumit/Desktop/SSV_FPGA/research_on_RISC-V/research_on_RISC-V.srcs/sources_1/new/Instruction_Memory.v:8]
WARNING: [Synth 8-3848] Net mem in module/entity Instruction_Memory does not have driver. [C:/Users/Sumit/Desktop/SSV_FPGA/research_on_RISC-V/research_on_RISC-V.srcs/sources_1/new/Instruction_Memory.v:8]
WARNING: [Synth 8-3848] Net mem in module/entity Instruction_Memory does not have driver. [C:/Users/Sumit/Desktop/SSV_FPGA/research_on_RISC-V/research_on_RISC-V.srcs/sources_1/new/Instruction_Memory.v:8]
WARNING: [Synth 8-3848] Net mem in module/entity Instruction_Memory does not have driver. [C:/Users/Sumit/Desktop/SSV_FPGA/research_on_RISC-V/research_on_RISC-V.srcs/sources_1/new/Instruction_Memory.v:8]
WARNING: [Synth 8-3848] Net mem in module/entity Instruction_Memory does not have driver. [C:/Users/Sumit/Desktop/SSV_FPGA/research_on_RISC-V/research_on_RISC-V.srcs/sources_1/new/Instruction_Memory.v:8]
WARNING: [Synth 8-3848] Net mem in module/entity Instruction_Memory does not have driver. [C:/Users/Sumit/Desktop/SSV_FPGA/research_on_RISC-V/research_on_RISC-V.srcs/sources_1/new/Instruction_Memory.v:8]
WARNING: [Synth 8-3848] Net mem in module/entity Instruction_Memory does not have driver. [C:/Users/Sumit/Desktop/SSV_FPGA/research_on_RISC-V/research_on_RISC-V.srcs/sources_1/new/Instruction_Memory.v:8]
WARNING: [Synth 8-3848] Net mem in module/entity Instruction_Memory does not have driver. [C:/Users/Sumit/Desktop/SSV_FPGA/research_on_RISC-V/research_on_RISC-V.srcs/sources_1/new/Instruction_Memory.v:8]
WARNING: [Synth 8-3848] Net mem in module/entity Instruction_Memory does not have driver. [C:/Users/Sumit/Desktop/SSV_FPGA/research_on_RISC-V/research_on_RISC-V.srcs/sources_1/new/Instruction_Memory.v:8]
WARNING: [Synth 8-3848] Net mem in module/entity Instruction_Memory does not have driver. [C:/Users/Sumit/Desktop/SSV_FPGA/research_on_RISC-V/research_on_RISC-V.srcs/sources_1/new/Instruction_Memory.v:8]
WARNING: [Synth 8-3848] Net mem in module/entity Instruction_Memory does not have driver. [C:/Users/Sumit/Desktop/SSV_FPGA/research_on_RISC-V/research_on_RISC-V.srcs/sources_1/new/Instruction_Memory.v:8]
WARNING: [Synth 8-3848] Net mem in module/entity Instruction_Memory does not have driver. [C:/Users/Sumit/Desktop/SSV_FPGA/research_on_RISC-V/research_on_RISC-V.srcs/sources_1/new/Instruction_Memory.v:8]
WARNING: [Synth 8-3848] Net mem in module/entity Instruction_Memory does not have driver. [C:/Users/Sumit/Desktop/SSV_FPGA/research_on_RISC-V/research_on_RISC-V.srcs/sources_1/new/Instruction_Memory.v:8]
WARNING: [Synth 8-3848] Net mem in module/entity Instruction_Memory does not have driver. [C:/Users/Sumit/Desktop/SSV_FPGA/research_on_RISC-V/research_on_RISC-V.srcs/sources_1/new/Instruction_Memory.v:8]
WARNING: [Synth 8-3848] Net mem in module/entity Instruction_Memory does not have driver. [C:/Users/Sumit/Desktop/SSV_FPGA/research_on_RISC-V/research_on_RISC-V.srcs/sources_1/new/Instruction_Memory.v:8]
WARNING: [Synth 8-3848] Net mem in module/entity Instruction_Memory does not have driver. [C:/Users/Sumit/Desktop/SSV_FPGA/research_on_RISC-V/research_on_RISC-V.srcs/sources_1/new/Instruction_Memory.v:8]
WARNING: [Synth 8-3848] Net mem in module/entity Instruction_Memory does not have driver. [C:/Users/Sumit/Desktop/SSV_FPGA/research_on_RISC-V/research_on_RISC-V.srcs/sources_1/new/Instruction_Memory.v:8]
WARNING: [Synth 8-3848] Net mem in module/entity Instruction_Memory does not have driver. [C:/Users/Sumit/Desktop/SSV_FPGA/research_on_RISC-V/research_on_RISC-V.srcs/sources_1/new/Instruction_Memory.v:8]
WARNING: [Synth 8-3848] Net mem in module/entity Instruction_Memory does not have driver. [C:/Users/Sumit/Desktop/SSV_FPGA/research_on_RISC-V/research_on_RISC-V.srcs/sources_1/new/Instruction_Memory.v:8]
WARNING: [Synth 8-3848] Net mem in module/entity Instruction_Memory does not have driver. [C:/Users/Sumit/Desktop/SSV_FPGA/research_on_RISC-V/research_on_RISC-V.srcs/sources_1/new/Instruction_Memory.v:8]
WARNING: [Synth 8-3848] Net mem in module/entity Instruction_Memory does not have driver. [C:/Users/Sumit/Desktop/SSV_FPGA/research_on_RISC-V/research_on_RISC-V.srcs/sources_1/new/Instruction_Memory.v:8]
WARNING: [Synth 8-3848] Net mem in module/entity Instruction_Memory does not have driver. [C:/Users/Sumit/Desktop/SSV_FPGA/research_on_RISC-V/research_on_RISC-V.srcs/sources_1/new/Instruction_Memory.v:8]
WARNING: [Synth 8-3848] Net mem in module/entity Instruction_Memory does not have driver. [C:/Users/Sumit/Desktop/SSV_FPGA/research_on_RISC-V/research_on_RISC-V.srcs/sources_1/new/Instruction_Memory.v:8]
WARNING: [Synth 8-3848] Net mem in module/entity Instruction_Memory does not have driver. [C:/Users/Sumit/Desktop/SSV_FPGA/research_on_RISC-V/research_on_RISC-V.srcs/sources_1/new/Instruction_Memory.v:8]
WARNING: [Synth 8-3848] Net mem in module/entity Instruction_Memory does not have driver. [C:/Users/Sumit/Desktop/SSV_FPGA/research_on_RISC-V/research_on_RISC-V.srcs/sources_1/new/Instruction_Memory.v:8]
WARNING: [Synth 8-3848] Net mem in module/entity Instruction_Memory does not have driver. [C:/Users/Sumit/Desktop/SSV_FPGA/research_on_RISC-V/research_on_RISC-V.srcs/sources_1/new/Instruction_Memory.v:8]
WARNING: [Synth 8-3848] Net mem in module/entity Instruction_Memory does not have driver. [C:/Users/Sumit/Desktop/SSV_FPGA/research_on_RISC-V/research_on_RISC-V.srcs/sources_1/new/Instruction_Memory.v:8]
WARNING: [Synth 8-3848] Net mem in module/entity Instruction_Memory does not have driver. [C:/Users/Sumit/Desktop/SSV_FPGA/research_on_RISC-V/research_on_RISC-V.srcs/sources_1/new/Instruction_Memory.v:8]
WARNING: [Synth 8-3848] Net mem in module/entity Instruction_Memory does not have driver. [C:/Users/Sumit/Desktop/SSV_FPGA/research_on_RISC-V/research_on_RISC-V.srcs/sources_1/new/Instruction_Memory.v:8]
WARNING: [Synth 8-3848] Net mem in module/entity Instruction_Memory does not have driver. [C:/Users/Sumit/Desktop/SSV_FPGA/research_on_RISC-V/research_on_RISC-V.srcs/sources_1/new/Instruction_Memory.v:8]
WARNING: [Synth 8-3848] Net mem in module/entity Instruction_Memory does not have driver. [C:/Users/Sumit/Desktop/SSV_FPGA/research_on_RISC-V/research_on_RISC-V.srcs/sources_1/new/Instruction_Memory.v:8]
WARNING: [Synth 8-3848] Net mem in module/entity Instruction_Memory does not have driver. [C:/Users/Sumit/Desktop/SSV_FPGA/research_on_RISC-V/research_on_RISC-V.srcs/sources_1/new/Instruction_Memory.v:8]
WARNING: [Synth 8-3848] Net mem in module/entity Instruction_Memory does not have driver. [C:/Users/Sumit/Desktop/SSV_FPGA/research_on_RISC-V/research_on_RISC-V.srcs/sources_1/new/Instruction_Memory.v:8]
WARNING: [Synth 8-3848] Net mem in module/entity Instruction_Memory does not have driver. [C:/Users/Sumit/Desktop/SSV_FPGA/research_on_RISC-V/research_on_RISC-V.srcs/sources_1/new/Instruction_Memory.v:8]
WARNING: [Synth 8-3848] Net mem in module/entity Instruction_Memory does not have driver. [C:/Users/Sumit/Desktop/SSV_FPGA/research_on_RISC-V/research_on_RISC-V.srcs/sources_1/new/Instruction_Memory.v:8]
WARNING: [Synth 8-3848] Net mem in module/entity Instruction_Memory does not have driver. [C:/Users/Sumit/Desktop/SSV_FPGA/research_on_RISC-V/research_on_RISC-V.srcs/sources_1/new/Instruction_Memory.v:8]
WARNING: [Synth 8-3848] Net mem in module/entity Instruction_Memory does not have driver. [C:/Users/Sumit/Desktop/SSV_FPGA/research_on_RISC-V/research_on_RISC-V.srcs/sources_1/new/Instruction_Memory.v:8]
WARNING: [Synth 8-3848] Net mem in module/entity Instruction_Memory does not have driver. [C:/Users/Sumit/Desktop/SSV_FPGA/research_on_RISC-V/research_on_RISC-V.srcs/sources_1/new/Instruction_Memory.v:8]
WARNING: [Synth 8-3848] Net mem in module/entity Instruction_Memory does not have driver. [C:/Users/Sumit/Desktop/SSV_FPGA/research_on_RISC-V/research_on_RISC-V.srcs/sources_1/new/Instruction_Memory.v:8]
WARNING: [Synth 8-3848] Net mem in module/entity Instruction_Memory does not have driver. [C:/Users/Sumit/Desktop/SSV_FPGA/research_on_RISC-V/research_on_RISC-V.srcs/sources_1/new/Instruction_Memory.v:8]
WARNING: [Synth 8-3848] Net mem in module/entity Instruction_Memory does not have driver. [C:/Users/Sumit/Desktop/SSV_FPGA/research_on_RISC-V/research_on_RISC-V.srcs/sources_1/new/Instruction_Memory.v:8]
WARNING: [Synth 8-3848] Net mem in module/entity Instruction_Memory does not have driver. [C:/Users/Sumit/Desktop/SSV_FPGA/research_on_RISC-V/research_on_RISC-V.srcs/sources_1/new/Instruction_Memory.v:8]
WARNING: [Synth 8-3848] Net mem in module/entity Instruction_Memory does not have driver. [C:/Users/Sumit/Desktop/SSV_FPGA/research_on_RISC-V/research_on_RISC-V.srcs/sources_1/new/Instruction_Memory.v:8]
WARNING: [Synth 8-3848] Net mem in module/entity Instruction_Memory does not have driver. [C:/Users/Sumit/Desktop/SSV_FPGA/research_on_RISC-V/research_on_RISC-V.srcs/sources_1/new/Instruction_Memory.v:8]
WARNING: [Synth 8-3848] Net mem in module/entity Instruction_Memory does not have driver. [C:/Users/Sumit/Desktop/SSV_FPGA/research_on_RISC-V/research_on_RISC-V.srcs/sources_1/new/Instruction_Memory.v:8]
WARNING: [Synth 8-3848] Net mem in module/entity Instruction_Memory does not have driver. [C:/Users/Sumit/Desktop/SSV_FPGA/research_on_RISC-V/research_on_RISC-V.srcs/sources_1/new/Instruction_Memory.v:8]
WARNING: [Synth 8-3848] Net mem in module/entity Instruction_Memory does not have driver. [C:/Users/Sumit/Desktop/SSV_FPGA/research_on_RISC-V/research_on_RISC-V.srcs/sources_1/new/Instruction_Memory.v:8]
WARNING: [Synth 8-3848] Net mem in module/entity Instruction_Memory does not have driver. [C:/Users/Sumit/Desktop/SSV_FPGA/research_on_RISC-V/research_on_RISC-V.srcs/sources_1/new/Instruction_Memory.v:8]
WARNING: [Synth 8-3848] Net mem in module/entity Instruction_Memory does not have driver. [C:/Users/Sumit/Desktop/SSV_FPGA/research_on_RISC-V/research_on_RISC-V.srcs/sources_1/new/Instruction_Memory.v:8]
WARNING: [Synth 8-3848] Net mem in module/entity Instruction_Memory does not have driver. [C:/Users/Sumit/Desktop/SSV_FPGA/research_on_RISC-V/research_on_RISC-V.srcs/sources_1/new/Instruction_Memory.v:8]
WARNING: [Synth 8-3848] Net mem in module/entity Instruction_Memory does not have driver. [C:/Users/Sumit/Desktop/SSV_FPGA/research_on_RISC-V/research_on_RISC-V.srcs/sources_1/new/Instruction_Memory.v:8]
WARNING: [Synth 8-3848] Net mem in module/entity Instruction_Memory does not have driver. [C:/Users/Sumit/Desktop/SSV_FPGA/research_on_RISC-V/research_on_RISC-V.srcs/sources_1/new/Instruction_Memory.v:8]
WARNING: [Synth 8-3848] Net mem in module/entity Instruction_Memory does not have driver. [C:/Users/Sumit/Desktop/SSV_FPGA/research_on_RISC-V/research_on_RISC-V.srcs/sources_1/new/Instruction_Memory.v:8]
WARNING: [Synth 8-3848] Net mem in module/entity Instruction_Memory does not have driver. [C:/Users/Sumit/Desktop/SSV_FPGA/research_on_RISC-V/research_on_RISC-V.srcs/sources_1/new/Instruction_Memory.v:8]
WARNING: [Synth 8-3848] Net mem in module/entity Instruction_Memory does not have driver. [C:/Users/Sumit/Desktop/SSV_FPGA/research_on_RISC-V/research_on_RISC-V.srcs/sources_1/new/Instruction_Memory.v:8]
WARNING: [Synth 8-3848] Net mem in module/entity Instruction_Memory does not have driver. [C:/Users/Sumit/Desktop/SSV_FPGA/research_on_RISC-V/research_on_RISC-V.srcs/sources_1/new/Instruction_Memory.v:8]
WARNING: [Synth 8-3848] Net mem in module/entity Instruction_Memory does not have driver. [C:/Users/Sumit/Desktop/SSV_FPGA/research_on_RISC-V/research_on_RISC-V.srcs/sources_1/new/Instruction_Memory.v:8]
WARNING: [Synth 8-3848] Net mem in module/entity Instruction_Memory does not have driver. [C:/Users/Sumit/Desktop/SSV_FPGA/research_on_RISC-V/research_on_RISC-V.srcs/sources_1/new/Instruction_Memory.v:8]
WARNING: [Synth 8-3848] Net mem in module/entity Instruction_Memory does not have driver. [C:/Users/Sumit/Desktop/SSV_FPGA/research_on_RISC-V/research_on_RISC-V.srcs/sources_1/new/Instruction_Memory.v:8]
WARNING: [Synth 8-3848] Net mem in module/entity Instruction_Memory does not have driver. [C:/Users/Sumit/Desktop/SSV_FPGA/research_on_RISC-V/research_on_RISC-V.srcs/sources_1/new/Instruction_Memory.v:8]
WARNING: [Synth 8-3848] Net mem in module/entity Instruction_Memory does not have driver. [C:/Users/Sumit/Desktop/SSV_FPGA/research_on_RISC-V/research_on_RISC-V.srcs/sources_1/new/Instruction_Memory.v:8]
WARNING: [Synth 8-3848] Net mem in module/entity Instruction_Memory does not have driver. [C:/Users/Sumit/Desktop/SSV_FPGA/research_on_RISC-V/research_on_RISC-V.srcs/sources_1/new/Instruction_Memory.v:8]
WARNING: [Synth 8-3848] Net mem in module/entity Instruction_Memory does not have driver. [C:/Users/Sumit/Desktop/SSV_FPGA/research_on_RISC-V/research_on_RISC-V.srcs/sources_1/new/Instruction_Memory.v:8]
WARNING: [Synth 8-3848] Net mem in module/entity Instruction_Memory does not have driver. [C:/Users/Sumit/Desktop/SSV_FPGA/research_on_RISC-V/research_on_RISC-V.srcs/sources_1/new/Instruction_Memory.v:8]
WARNING: [Synth 8-3848] Net mem in module/entity Instruction_Memory does not have driver. [C:/Users/Sumit/Desktop/SSV_FPGA/research_on_RISC-V/research_on_RISC-V.srcs/sources_1/new/Instruction_Memory.v:8]
WARNING: [Synth 8-3848] Net mem in module/entity Instruction_Memory does not have driver. [C:/Users/Sumit/Desktop/SSV_FPGA/research_on_RISC-V/research_on_RISC-V.srcs/sources_1/new/Instruction_Memory.v:8]
WARNING: [Synth 8-3848] Net mem in module/entity Instruction_Memory does not have driver. [C:/Users/Sumit/Desktop/SSV_FPGA/research_on_RISC-V/research_on_RISC-V.srcs/sources_1/new/Instruction_Memory.v:8]
WARNING: [Synth 8-3848] Net mem in module/entity Instruction_Memory does not have driver. [C:/Users/Sumit/Desktop/SSV_FPGA/research_on_RISC-V/research_on_RISC-V.srcs/sources_1/new/Instruction_Memory.v:8]
WARNING: [Synth 8-3848] Net mem in module/entity Instruction_Memory does not have driver. [C:/Users/Sumit/Desktop/SSV_FPGA/research_on_RISC-V/research_on_RISC-V.srcs/sources_1/new/Instruction_Memory.v:8]
WARNING: [Synth 8-3848] Net mem in module/entity Instruction_Memory does not have driver. [C:/Users/Sumit/Desktop/SSV_FPGA/research_on_RISC-V/research_on_RISC-V.srcs/sources_1/new/Instruction_Memory.v:8]
WARNING: [Synth 8-3848] Net mem in module/entity Instruction_Memory does not have driver. [C:/Users/Sumit/Desktop/SSV_FPGA/research_on_RISC-V/research_on_RISC-V.srcs/sources_1/new/Instruction_Memory.v:8]
WARNING: [Synth 8-3848] Net mem in module/entity Instruction_Memory does not have driver. [C:/Users/Sumit/Desktop/SSV_FPGA/research_on_RISC-V/research_on_RISC-V.srcs/sources_1/new/Instruction_Memory.v:8]
WARNING: [Synth 8-3848] Net mem in module/entity Instruction_Memory does not have driver. [C:/Users/Sumit/Desktop/SSV_FPGA/research_on_RISC-V/research_on_RISC-V.srcs/sources_1/new/Instruction_Memory.v:8]
WARNING: [Synth 8-3848] Net mem in module/entity Instruction_Memory does not have driver. [C:/Users/Sumit/Desktop/SSV_FPGA/research_on_RISC-V/research_on_RISC-V.srcs/sources_1/new/Instruction_Memory.v:8]
WARNING: [Synth 8-3848] Net mem in module/entity Instruction_Memory does not have driver. [C:/Users/Sumit/Desktop/SSV_FPGA/research_on_RISC-V/research_on_RISC-V.srcs/sources_1/new/Instruction_Memory.v:8]
WARNING: [Synth 8-3848] Net mem in module/entity Instruction_Memory does not have driver. [C:/Users/Sumit/Desktop/SSV_FPGA/research_on_RISC-V/research_on_RISC-V.srcs/sources_1/new/Instruction_Memory.v:8]
WARNING: [Synth 8-3848] Net mem in module/entity Instruction_Memory does not have driver. [C:/Users/Sumit/Desktop/SSV_FPGA/research_on_RISC-V/research_on_RISC-V.srcs/sources_1/new/Instruction_Memory.v:8]
WARNING: [Synth 8-3848] Net mem in module/entity Instruction_Memory does not have driver. [C:/Users/Sumit/Desktop/SSV_FPGA/research_on_RISC-V/research_on_RISC-V.srcs/sources_1/new/Instruction_Memory.v:8]
WARNING: [Synth 8-3848] Net mem in module/entity Instruction_Memory does not have driver. [C:/Users/Sumit/Desktop/SSV_FPGA/research_on_RISC-V/research_on_RISC-V.srcs/sources_1/new/Instruction_Memory.v:8]
WARNING: [Synth 8-3848] Net mem in module/entity Instruction_Memory does not have driver. [C:/Users/Sumit/Desktop/SSV_FPGA/research_on_RISC-V/research_on_RISC-V.srcs/sources_1/new/Instruction_Memory.v:8]
WARNING: [Synth 8-3848] Net mem in module/entity Instruction_Memory does not have driver. [C:/Users/Sumit/Desktop/SSV_FPGA/research_on_RISC-V/research_on_RISC-V.srcs/sources_1/new/Instruction_Memory.v:8]
WARNING: [Synth 8-3848] Net mem in module/entity Instruction_Memory does not have driver. [C:/Users/Sumit/Desktop/SSV_FPGA/research_on_RISC-V/research_on_RISC-V.srcs/sources_1/new/Instruction_Memory.v:8]
WARNING: [Synth 8-3848] Net mem in module/entity Instruction_Memory does not have driver. [C:/Users/Sumit/Desktop/SSV_FPGA/research_on_RISC-V/research_on_RISC-V.srcs/sources_1/new/Instruction_Memory.v:8]
WARNING: [Synth 8-3848] Net mem in module/entity Instruction_Memory does not have driver. [C:/Users/Sumit/Desktop/SSV_FPGA/research_on_RISC-V/research_on_RISC-V.srcs/sources_1/new/Instruction_Memory.v:8]
WARNING: [Synth 8-3848] Net mem in module/entity Instruction_Memory does not have driver. [C:/Users/Sumit/Desktop/SSV_FPGA/research_on_RISC-V/research_on_RISC-V.srcs/sources_1/new/Instruction_Memory.v:8]
INFO: [Common 17-14] Message 'Synth 8-3848' appears 100 times and further instances of the messages will be disabled. Use the Tcl command set_msg_config to change the current settings.
WARNING: [Synth 8-7129] Port clk in module writeback_cycle is either unconnected or has no load
WARNING: [Synth 8-7129] Port rst in module writeback_cycle is either unconnected or has no load
WARNING: [Synth 8-7129] Port PCPlus4W[31] in module writeback_cycle is either unconnected or has no load
WARNING: [Synth 8-7129] Port PCPlus4W[30] in module writeback_cycle is either unconnected or has no load
WARNING: [Synth 8-7129] Port PCPlus4W[29] in module writeback_cycle is either unconnected or has no load
WARNING: [Synth 8-7129] Port PCPlus4W[28] in module writeback_cycle is either unconnected or has no load
WARNING: [Synth 8-7129] Port PCPlus4W[27] in module writeback_cycle is either unconnected or has no load
WARNING: [Synth 8-7129] Port PCPlus4W[26] in module writeback_cycle is either unconnected or has no load
WARNING: [Synth 8-7129] Port PCPlus4W[25] in module writeback_cycle is either unconnected or has no load
WARNING: [Synth 8-7129] Port PCPlus4W[24] in module writeback_cycle is either unconnected or has no load
WARNING: [Synth 8-7129] Port PCPlus4W[23] in module writeback_cycle is either unconnected or has no load
WARNING: [Synth 8-7129] Port PCPlus4W[22] in module writeback_cycle is either unconnected or has no load
WARNING: [Synth 8-7129] Port PCPlus4W[21] in module writeback_cycle is either unconnected or has no load
WARNING: [Synth 8-7129] Port PCPlus4W[20] in module writeback_cycle is either unconnected or has no load
WARNING: [Synth 8-7129] Port PCPlus4W[19] in module writeback_cycle is either unconnected or has no load
WARNING: [Synth 8-7129] Port PCPlus4W[18] in module writeback_cycle is either unconnected or has no load
WARNING: [Synth 8-7129] Port PCPlus4W[17] in module writeback_cycle is either unconnected or has no load
WARNING: [Synth 8-7129] Port PCPlus4W[16] in module writeback_cycle is either unconnected or has no load
WARNING: [Synth 8-7129] Port PCPlus4W[15] in module writeback_cycle is either unconnected or has no load
WARNING: [Synth 8-7129] Port PCPlus4W[14] in module writeback_cycle is either unconnected or has no load
WARNING: [Synth 8-7129] Port PCPlus4W[13] in module writeback_cycle is either unconnected or has no load
WARNING: [Synth 8-7129] Port PCPlus4W[12] in module writeback_cycle is either unconnected or has no load
WARNING: [Synth 8-7129] Port PCPlus4W[11] in module writeback_cycle is either unconnected or has no load
WARNING: [Synth 8-7129] Port PCPlus4W[10] in module writeback_cycle is either unconnected or has no load
WARNING: [Synth 8-7129] Port PCPlus4W[9] in module writeback_cycle is either unconnected or has no load
WARNING: [Synth 8-7129] Port PCPlus4W[8] in module writeback_cycle is either unconnected or has no load
WARNING: [Synth 8-7129] Port PCPlus4W[7] in module writeback_cycle is either unconnected or has no load
WARNING: [Synth 8-7129] Port PCPlus4W[6] in module writeback_cycle is either unconnected or has no load
WARNING: [Synth 8-7129] Port PCPlus4W[5] in module writeback_cycle is either unconnected or has no load
WARNING: [Synth 8-7129] Port PCPlus4W[4] in module writeback_cycle is either unconnected or has no load
WARNING: [Synth 8-7129] Port PCPlus4W[3] in module writeback_cycle is either unconnected or has no load
WARNING: [Synth 8-7129] Port PCPlus4W[2] in module writeback_cycle is either unconnected or has no load
WARNING: [Synth 8-7129] Port PCPlus4W[1] in module writeback_cycle is either unconnected or has no load
WARNING: [Synth 8-7129] Port PCPlus4W[0] in module writeback_cycle is either unconnected or has no load
WARNING: [Synth 8-7129] Port A[31] in module Data_Memory is either unconnected or has no load
WARNING: [Synth 8-7129] Port A[30] in module Data_Memory is either unconnected or has no load
WARNING: [Synth 8-7129] Port A[29] in module Data_Memory is either unconnected or has no load
WARNING: [Synth 8-7129] Port A[28] in module Data_Memory is either unconnected or has no load
WARNING: [Synth 8-7129] Port A[27] in module Data_Memory is either unconnected or has no load
WARNING: [Synth 8-7129] Port A[26] in module Data_Memory is either unconnected or has no load
WARNING: [Synth 8-7129] Port A[25] in module Data_Memory is either unconnected or has no load
WARNING: [Synth 8-7129] Port A[24] in module Data_Memory is either unconnected or has no load
WARNING: [Synth 8-7129] Port A[23] in module Data_Memory is either unconnected or has no load
WARNING: [Synth 8-7129] Port A[22] in module Data_Memory is either unconnected or has no load
WARNING: [Synth 8-7129] Port A[21] in module Data_Memory is either unconnected or has no load
WARNING: [Synth 8-7129] Port A[20] in module Data_Memory is either unconnected or has no load
WARNING: [Synth 8-7129] Port A[19] in module Data_Memory is either unconnected or has no load
WARNING: [Synth 8-7129] Port A[18] in module Data_Memory is either unconnected or has no load
WARNING: [Synth 8-7129] Port A[17] in module Data_Memory is either unconnected or has no load
WARNING: [Synth 8-7129] Port A[16] in module Data_Memory is either unconnected or has no load
WARNING: [Synth 8-7129] Port A[15] in module Data_Memory is either unconnected or has no load
WARNING: [Synth 8-7129] Port A[14] in module Data_Memory is either unconnected or has no load
WARNING: [Synth 8-7129] Port A[13] in module Data_Memory is either unconnected or has no load
WARNING: [Synth 8-7129] Port A[12] in module Data_Memory is either unconnected or has no load
WARNING: [Synth 8-7129] Port A[11] in module Data_Memory is either unconnected or has no load
WARNING: [Synth 8-7129] Port A[10] in module Data_Memory is either unconnected or has no load
WARNING: [Synth 8-7129] Port In[19] in module Sign_Extend is either unconnected or has no load
WARNING: [Synth 8-7129] Port In[18] in module Sign_Extend is either unconnected or has no load
WARNING: [Synth 8-7129] Port In[17] in module Sign_Extend is either unconnected or has no load
WARNING: [Synth 8-7129] Port In[16] in module Sign_Extend is either unconnected or has no load
WARNING: [Synth 8-7129] Port In[15] in module Sign_Extend is either unconnected or has no load
WARNING: [Synth 8-7129] Port In[14] in module Sign_Extend is either unconnected or has no load
WARNING: [Synth 8-7129] Port In[13] in module Sign_Extend is either unconnected or has no load
WARNING: [Synth 8-7129] Port In[12] in module Sign_Extend is either unconnected or has no load
WARNING: [Synth 8-7129] Port In[6] in module Sign_Extend is either unconnected or has no load
WARNING: [Synth 8-7129] Port In[5] in module Sign_Extend is either unconnected or has no load
WARNING: [Synth 8-7129] Port In[4] in module Sign_Extend is either unconnected or has no load
WARNING: [Synth 8-7129] Port In[3] in module Sign_Extend is either unconnected or has no load
WARNING: [Synth 8-7129] Port In[2] in module Sign_Extend is either unconnected or has no load
WARNING: [Synth 8-7129] Port In[1] in module Sign_Extend is either unconnected or has no load
WARNING: [Synth 8-7129] Port In[0] in module Sign_Extend is either unconnected or has no load
WARNING: [Synth 8-7129] Port funct7[6] in module ALU_Decoder is either unconnected or has no load
WARNING: [Synth 8-7129] Port funct7[4] in module ALU_Decoder is either unconnected or has no load
WARNING: [Synth 8-7129] Port funct7[3] in module ALU_Decoder is either unconnected or has no load
WARNING: [Synth 8-7129] Port funct7[2] in module ALU_Decoder is either unconnected or has no load
WARNING: [Synth 8-7129] Port funct7[1] in module ALU_Decoder is either unconnected or has no load
WARNING: [Synth 8-7129] Port funct7[0] in module ALU_Decoder is either unconnected or has no load
WARNING: [Synth 8-7129] Port op[6] in module ALU_Decoder is either unconnected or has no load
WARNING: [Synth 8-7129] Port op[4] in module ALU_Decoder is either unconnected or has no load
WARNING: [Synth 8-7129] Port op[3] in module ALU_Decoder is either unconnected or has no load
WARNING: [Synth 8-7129] Port op[2] in module ALU_Decoder is either unconnected or has no load
WARNING: [Synth 8-7129] Port op[1] in module ALU_Decoder is either unconnected or has no load
WARNING: [Synth 8-7129] Port op[0] in module ALU_Decoder is either unconnected or has no load
WARNING: [Synth 8-7129] Port A[31] in module Instruction_Memory is either unconnected or has no load
WARNING: [Synth 8-7129] Port A[30] in module Instruction_Memory is either unconnected or has no load
WARNING: [Synth 8-7129] Port A[29] in module Instruction_Memory is either unconnected or has no load
WARNING: [Synth 8-7129] Port A[28] in module Instruction_Memory is either unconnected or has no load
WARNING: [Synth 8-7129] Port A[27] in module Instruction_Memory is either unconnected or has no load
WARNING: [Synth 8-7129] Port A[26] in module Instruction_Memory is either unconnected or has no load
WARNING: [Synth 8-7129] Port A[25] in module Instruction_Memory is either unconnected or has no load
WARNING: [Synth 8-7129] Port A[24] in module Instruction_Memory is either unconnected or has no load
WARNING: [Synth 8-7129] Port A[23] in module Instruction_Memory is either unconnected or has no load
WARNING: [Synth 8-7129] Port A[22] in module Instruction_Memory is either unconnected or has no load
WARNING: [Synth 8-7129] Port A[21] in module Instruction_Memory is either unconnected or has no load
WARNING: [Synth 8-7129] Port A[20] in module Instruction_Memory is either unconnected or has no load
WARNING: [Synth 8-7129] Port A[19] in module Instruction_Memory is either unconnected or has no load
WARNING: [Synth 8-7129] Port A[18] in module Instruction_Memory is either unconnected or has no load
WARNING: [Synth 8-7129] Port A[17] in module Instruction_Memory is either unconnected or has no load
WARNING: [Synth 8-7129] Port A[16] in module Instruction_Memory is either unconnected or has no load
WARNING: [Synth 8-7129] Port A[15] in module Instruction_Memory is either unconnected or has no load
INFO: [Common 17-14] Message 'Synth 8-7129' appears 100 times and further instances of the messages will be disabled. Use the Tcl command set_msg_config to change the current settings.
---------------------------------------------------------------------------------
Finished Synthesize : Time (s): cpu = 00:00:05 ; elapsed = 00:00:07 . Memory (MB): peak = 1263.949 ; gain = 0.000
---------------------------------------------------------------------------------
---------------------------------------------------------------------------------
Finished Constraint Validation : Time (s): cpu = 00:00:05 ; elapsed = 00:00:07 . Memory (MB): peak = 1263.949 ; gain = 0.000
---------------------------------------------------------------------------------
---------------------------------------------------------------------------------
Start Loading Part and Timing Information
---------------------------------------------------------------------------------
Loading part: xc7s6ftgb196-1
INFO: [Device 21-403] Loading part xc7s6ftgb196-1
---------------------------------------------------------------------------------
Finished Loading Part and Timing Information : Time (s): cpu = 00:00:05 ; elapsed = 00:00:07 . Memory (MB): peak = 1263.949 ; gain = 0.000
---------------------------------------------------------------------------------
---------------------------------------------------------------------------------
Finished RTL Optimization Phase 2 : Time (s): cpu = 00:00:06 ; elapsed = 00:00:08 . Memory (MB): peak = 1263.949 ; gain = 0.000
---------------------------------------------------------------------------------
No constraint files found.
---------------------------------------------------------------------------------
Start RTL Component Statistics 
---------------------------------------------------------------------------------
Detailed RTL Component Info : 
+---Adders : 
	   2 Input   32 Bit       Adders := 2     
	   3 Input   32 Bit       Adders := 1     
+---XORs : 
	   2 Input      1 Bit         XORs := 1     
	   3 Input      1 Bit         XORs := 1     
+---Registers : 
	               32 Bit    Registers := 15    
	                5 Bit    Registers := 5     
	                3 Bit    Registers := 1     
	                1 Bit    Registers := 10    
+---RAMs : 
	             1024 Bit	(32 X 32 bit)          RAMs := 1     
+---Muxes : 
	   2 Input   32 Bit        Muxes := 13    
	   4 Input   32 Bit        Muxes := 2     
	   8 Input    3 Bit        Muxes := 1     
	   3 Input    2 Bit        Muxes := 2     
	   2 Input    2 Bit        Muxes := 4     
	   2 Input    1 Bit        Muxes := 5     
---------------------------------------------------------------------------------
Finished RTL Component Statistics 
---------------------------------------------------------------------------------
---------------------------------------------------------------------------------
Start Part Resource Summary
---------------------------------------------------------------------------------
Part Resources:
DSPs: 10 (col length:20)
BRAMs: 10 (col length: RAMB18 20 RAMB36 10)
---------------------------------------------------------------------------------
Finished Part Resource Summary
---------------------------------------------------------------------------------
No constraint files found.
---------------------------------------------------------------------------------
Start Cross Boundary and Area Optimization
---------------------------------------------------------------------------------
WARNING: [Synth 8-7080] Parallel synthesis criteria is not met
---------------------------------------------------------------------------------
Finished Cross Boundary and Area Optimization : Time (s): cpu = 00:00:11 ; elapsed = 00:00:15 . Memory (MB): peak = 1263.949 ; gain = 0.000
---------------------------------------------------------------------------------
No constraint files found.
---------------------------------------------------------------------------------
Start Timing Optimization
---------------------------------------------------------------------------------
---------------------------------------------------------------------------------
Finished Timing Optimization : Time (s): cpu = 00:00:11 ; elapsed = 00:00:15 . Memory (MB): peak = 1263.949 ; gain = 0.000
---------------------------------------------------------------------------------
---------------------------------------------------------------------------------
Start Technology Mapping
---------------------------------------------------------------------------------
---------------------------------------------------------------------------------
Finished Technology Mapping : Time (s): cpu = 00:00:11 ; elapsed = 00:00:15 . Memory (MB): peak = 1263.949 ; gain = 0.000
---------------------------------------------------------------------------------
---------------------------------------------------------------------------------
Start IO Insertion
---------------------------------------------------------------------------------
---------------------------------------------------------------------------------
Start Flattening Before IO Insertion
---------------------------------------------------------------------------------
---------------------------------------------------------------------------------
Finished Flattening Before IO Insertion
---------------------------------------------------------------------------------
---------------------------------------------------------------------------------
Start Final Netlist Cleanup
---------------------------------------------------------------------------------
---------------------------------------------------------------------------------
Finished Final Netlist Cleanup
---------------------------------------------------------------------------------
---------------------------------------------------------------------------------
Finished IO Insertion : Time (s): cpu = 00:00:15 ; elapsed = 00:00:19 . Memory (MB): peak = 1263.949 ; gain = 0.000
---------------------------------------------------------------------------------
---------------------------------------------------------------------------------
Start Renaming Generated Instances
---------------------------------------------------------------------------------
---------------------------------------------------------------------------------
Finished Renaming Generated Instances : Time (s): cpu = 00:00:15 ; elapsed = 00:00:19 . Memory (MB): peak = 1263.949 ; gain = 0.000
---------------------------------------------------------------------------------
---------------------------------------------------------------------------------
Start Rebuilding User Hierarchy
---------------------------------------------------------------------------------
---------------------------------------------------------------------------------
Finished Rebuilding User Hierarchy : Time (s): cpu = 00:00:15 ; elapsed = 00:00:19 . Memory (MB): peak = 1263.949 ; gain = 0.000
---------------------------------------------------------------------------------
---------------------------------------------------------------------------------
Start Renaming Generated Ports
---------------------------------------------------------------------------------
---------------------------------------------------------------------------------
Finished Renaming Generated Ports : Time (s): cpu = 00:00:15 ; elapsed = 00:00:19 . Memory (MB): peak = 1263.949 ; gain = 0.000
---------------------------------------------------------------------------------
---------------------------------------------------------------------------------
Start Handling Custom Attributes
---------------------------------------------------------------------------------
---------------------------------------------------------------------------------
Finished Handling Custom Attributes : Time (s): cpu = 00:00:15 ; elapsed = 00:00:19 . Memory (MB): peak = 1263.949 ; gain = 0.000
---------------------------------------------------------------------------------
---------------------------------------------------------------------------------
Start Renaming Generated Nets
---------------------------------------------------------------------------------
---------------------------------------------------------------------------------
Finished Renaming Generated Nets : Time (s): cpu = 00:00:15 ; elapsed = 00:00:19 . Memory (MB): peak = 1263.949 ; gain = 0.000
---------------------------------------------------------------------------------
---------------------------------------------------------------------------------
Start Writing Synthesis Report
---------------------------------------------------------------------------------

Report BlackBoxes: 
+-+--------------+----------+
| |BlackBox name |Instances |
+-+--------------+----------+
+-+--------------+----------+

Report Cell Usage: 
+-+-----+------+
| |Cell |Count |
+-+-----+------+
+-+-----+------+

Report Instance Areas: 
+------+---------+-------+------+
|      |Instance |Module |Cells |
+------+---------+-------+------+
|1     |top      |       |     0|
+------+---------+-------+------+
---------------------------------------------------------------------------------
Finished Writing Synthesis Report : Time (s): cpu = 00:00:15 ; elapsed = 00:00:19 . Memory (MB): peak = 1263.949 ; gain = 0.000
---------------------------------------------------------------------------------
Synthesis finished with 0 errors, 21 critical warnings and 1153 warnings.
Synthesis Optimization Runtime : Time (s): cpu = 00:00:15 ; elapsed = 00:00:19 . Memory (MB): peak = 1263.949 ; gain = 0.000
Synthesis Optimization Complete : Time (s): cpu = 00:00:15 ; elapsed = 00:00:19 . Memory (MB): peak = 1263.949 ; gain = 0.000
INFO: [Project 1-571] Translating synthesized netlist
Netlist sorting complete. Time (s): cpu = 00:00:00 ; elapsed = 00:00:00.001 . Memory (MB): peak = 1263.949 ; gain = 0.000
INFO: [Project 1-570] Preparing netlist for logic optimization
INFO: [Opt 31-138] Pushed 0 inverter(s) to 0 load pin(s).
Netlist sorting complete. Time (s): cpu = 00:00:00 ; elapsed = 00:00:00 . Memory (MB): peak = 1263.949 ; gain = 0.000
INFO: [Project 1-111] Unisim Transformation Summary:
No Unisim elements were transformed.

Synth Design complete, checksum: 516dd56b
INFO: [Common 17-83] Releasing license: Synthesis
70 Infos, 202 Warnings, 21 Critical Warnings and 0 Errors encountered.
synth_design completed successfully
synth_design: Time (s): cpu = 00:00:16 ; elapsed = 00:00:20 . Memory (MB): peak = 1263.949 ; gain = 0.000
INFO: [runtcl-6] Synthesis results are not added to the cache due to CRITICAL_WARNING
INFO: [Common 17-1381] The checkpoint 'C:/Users/Sumit/Desktop/SSV_FPGA/research_on_RISC-V/research_on_RISC-V.runs/synth_1/Pipeline_top.dcp' has been generated.
INFO: [runtcl-4] Executing : report_utilization -file Pipeline_top_utilization_synth.rpt -pb Pipeline_top_utilization_synth.pb
INFO: [Common 17-206] Exiting Vivado at Mon Mar 18 18:34:55 2024...
